{
  "stats": {
    "suites": 1,
    "tests": 1,
    "passes": 0,
    "pending": 0,
    "failures": 1,
    "start": "2023-11-15T14:05:39.733Z",
    "end": "2023-11-15T14:13:39.481Z",
    "duration": 479748,
    "testsRegistered": 1,
    "passPercent": 0,
    "pendingPercent": 0,
    "other": 0,
    "hasOther": false,
    "skipped": 0,
    "hasSkipped": false
  },
  "results": [
    {
      "uuid": "825de772-1c09-4e88-bbd3-b59c1288261d",
      "title": "",
      "fullFile": "cypress\\tests\\v2\\ui\\djinnyVacancies.ts",
      "file": "cypress\\tests\\v2\\ui\\djinnyVacancies.ts",
      "beforeHooks": [],
      "afterHooks": [],
      "tests": [],
      "suites": [
        {
          "uuid": "12a39e1b-0805-4114-81ff-678209ab6ff0",
          "title": "Run jinny script",
          "fullFile": "",
          "file": "",
          "beforeHooks": [],
          "afterHooks": [],
          "tests": [
            {
              "title": "run run run",
              "fullTitle": "Run jinny script run run run",
              "timedOut": null,
              "duration": 473893,
              "state": "failed",
              "speed": null,
              "pass": false,
              "fail": true,
              "pending": false,
              "context": null,
              "code": "runBotCheckVacancy();",
              "err": {
                "message": "CypressError: `cy.visit()` failed trying to load:\n\nhttps://djinni.co/jobs/?primary_keyword=QA&region=UKR&salary=2500\n\nWe attempted to make an http request to this URL but the request failed without a response.\n\nWe received this error at the network level:\n\n  > Error: getaddrinfo ENOTFOUND djinni.co\n\nCommon situations why this would fail:\n  - you don't have internet access\n  - you forgot to run / boot your web server\n  - your web server isn't accessible\n  - you have weird network configuration settings on your computer",
                "estack": "CypressError: `cy.visit()` failed trying to load:\n\nhttps://djinni.co/jobs/?primary_keyword=QA&region=UKR&salary=2500\n\nWe attempted to make an http request to this URL but the request failed without a response.\n\nWe received this error at the network level:\n\n  > Error: getaddrinfo ENOTFOUND djinni.co\n\nCommon situations why this would fail:\n  - you don't have internet access\n  - you forgot to run / boot your web server\n  - your web server isn't accessible\n  - you have weird network configuration settings on your computer\n    at <unknown> (https://djinni.co/__cypress/runner/cypress_runner.js:131204:74)\n    at visitFailedByErr (https://djinni.co/__cypress/runner/cypress_runner.js:130596:12)\n    at <unknown> (https://djinni.co/__cypress/runner/cypress_runner.js:131203:11)\n    at tryCatcher (https://djinni.co/__cypress/runner/cypress_runner.js:1807:23)\n    at Promise._settlePromiseFromHandler (https://djinni.co/__cypress/runner/cypress_runner.js:1519:31)\n    at Promise._settlePromise (https://djinni.co/__cypress/runner/cypress_runner.js:1576:18)\n    at Promise._settlePromise0 (https://djinni.co/__cypress/runner/cypress_runner.js:1621:10)\n    at Promise._settlePromises (https://djinni.co/__cypress/runner/cypress_runner.js:1697:18)\n    at _drainQueueStep (https://djinni.co/__cypress/runner/cypress_runner.js:2407:12)\n    at _drainQueue (https://djinni.co/__cypress/runner/cypress_runner.js:2400:9)\n    at Async._drainQueues (https://djinni.co/__cypress/runner/cypress_runner.js:2416:5)\n    at Async.drainQueues (https://djinni.co/__cypress/runner/cypress_runner.js:2286:14)\nFrom Your Spec Code:\n    at checkNewVacancy (webpack://cypress-realworld-app/./cypress/tests/v2/ui/djinnyVacancies.ts:20:11)\n    at Context.eval (webpack://cypress-realworld-app/./cypress/tests/v2/ui/djinnyVacancies.ts:36:28)\n\nFrom Node.js Internals:\n  Error: getaddrinfo ENOTFOUND djinni.co\n      at GetAddrInfoReqWrap.onlookup [as oncomplete] (node:dns:108:26)",
                "diff": null
              },
              "uuid": "044ad5e0-50e8-406e-bfd5-8d833f60f531",
              "parentUUID": "12a39e1b-0805-4114-81ff-678209ab6ff0",
              "isHook": false,
              "skipped": false
            }
          ],
          "suites": [],
          "passes": [],
          "failures": [
            "044ad5e0-50e8-406e-bfd5-8d833f60f531"
          ],
          "pending": [],
          "skipped": [],
          "duration": 473893,
          "root": false,
          "rootEmpty": false,
          "_timeout": 2000
        }
      ],
      "passes": [],
      "failures": [],
      "pending": [],
      "skipped": [],
      "duration": 0,
      "root": true,
      "rootEmpty": true,
      "_timeout": 2000
    }
  ],
  "meta": {
    "mocha": {
      "version": "7.0.1"
    },
    "mochawesome": {
      "options": {
        "quiet": false,
        "reportFilename": "mochawesome",
        "saveHtml": true,
        "saveJson": true,
        "consoleReporter": "spec",
        "useInlineDiffs": false,
        "code": true
      },
      "version": "7.1.3"
    },
    "marge": {
      "options": {
        "id": "default",
        "reportDir": "cypress/results",
        "overwrite": "false",
        "html": "true",
        "json": "true"
      },
      "version": "6.2.0"
    }
  }
}