{
  "stats": {
    "suites": 1,
    "tests": 1,
    "passes": 0,
    "pending": 0,
    "failures": 1,
    "start": "2023-11-14T13:40:20.619Z",
    "end": "2023-11-14T14:00:50.405Z",
    "duration": 1229786,
    "testsRegistered": 1,
    "passPercent": 0,
    "pendingPercent": 0,
    "other": 0,
    "hasOther": false,
    "skipped": 0,
    "hasSkipped": false
  },
  "results": [
    {
      "uuid": "f2e4fc9d-8cc6-4823-a8ba-73dbaf5acadb",
      "title": "",
      "fullFile": "cypress\\tests\\v2\\ui\\djinnyVacancies.ts",
      "file": "cypress\\tests\\v2\\ui\\djinnyVacancies.ts",
      "beforeHooks": [],
      "afterHooks": [],
      "tests": [],
      "suites": [
        {
          "uuid": "22d3388a-6987-4082-bd27-31314c66f65a",
          "title": "Run jinny script",
          "fullFile": "",
          "file": "",
          "beforeHooks": [],
          "afterHooks": [],
          "tests": [
            {
              "title": "run run run",
              "fullTitle": "Run jinny script run run run",
              "timedOut": null,
              "duration": 1226399,
              "state": "failed",
              "speed": null,
              "pass": false,
              "fail": true,
              "pending": false,
              "context": null,
              "code": "runBotCheckVacancy();",
              "err": {
                "message": "CypressError: `cy.screenshot()` timed out waiting `50000ms` to complete.",
                "estack": "CypressError: `cy.screenshot()` timed out waiting `50000ms` to complete.\n    at https://djinni.co/__cypress/runner/cypress_runner.js:134558:73\n    at tryCatcher (https://djinni.co/__cypress/runner/cypress_runner.js:1807:23)\n    at https://djinni.co/__cypress/runner/cypress_runner.js:4186:41\n    at tryCatcher (https://djinni.co/__cypress/runner/cypress_runner.js:1807:23)\n    at Promise._settlePromiseFromHandler (https://djinni.co/__cypress/runner/cypress_runner.js:1519:31)\n    at Promise._settlePromise (https://djinni.co/__cypress/runner/cypress_runner.js:1576:18)\n    at Promise._settlePromise0 (https://djinni.co/__cypress/runner/cypress_runner.js:1621:10)\n    at Promise._settlePromises (https://djinni.co/__cypress/runner/cypress_runner.js:1697:18)\n    at _drainQueueStep (https://djinni.co/__cypress/runner/cypress_runner.js:2407:12)\n    at _drainQueue (https://djinni.co/__cypress/runner/cypress_runner.js:2400:9)\n    at Async._drainQueues (https://djinni.co/__cypress/runner/cypress_runner.js:2416:5)\n    at Async.drainQueues (https://djinni.co/__cypress/runner/cypress_runner.js:2286:14)",
                "diff": null
              },
              "uuid": "6df79805-d506-41fa-97e0-a9c666070f34",
              "parentUUID": "22d3388a-6987-4082-bd27-31314c66f65a",
              "isHook": false,
              "skipped": false
            }
          ],
          "suites": [],
          "passes": [],
          "failures": [
            "6df79805-d506-41fa-97e0-a9c666070f34"
          ],
          "pending": [],
          "skipped": [],
          "duration": 1226399,
          "root": false,
          "rootEmpty": false,
          "_timeout": 2000
        }
      ],
      "passes": [],
      "failures": [],
      "pending": [],
      "skipped": [],
      "duration": 0,
      "root": true,
      "rootEmpty": true,
      "_timeout": 2000
    }
  ],
  "meta": {
    "mocha": {
      "version": "7.0.1"
    },
    "mochawesome": {
      "options": {
        "quiet": false,
        "reportFilename": "mochawesome",
        "saveHtml": true,
        "saveJson": true,
        "consoleReporter": "spec",
        "useInlineDiffs": false,
        "code": true
      },
      "version": "7.1.3"
    },
    "marge": {
      "options": {
        "id": "default",
        "reportDir": "cypress/results",
        "overwrite": "false",
        "html": "true",
        "json": "true"
      },
      "version": "6.2.0"
    }
  }
}