{
  "stats": {
    "suites": 1,
    "tests": 0,
    "passes": 0,
    "pending": 0,
    "failures": 0,
    "start": "2023-11-15T10:01:14.817Z",
    "end": "2023-11-15T10:45:54.071Z",
    "duration": 2679254,
    "testsRegistered": 1,
    "passPercent": 0,
    "pendingPercent": 0,
    "other": 0,
    "hasOther": false,
    "skipped": 1,
    "hasSkipped": true
  },
  "results": [
    {
      "uuid": "797f6f92-727e-428e-9b9e-eda91917ec27",
      "title": "",
      "fullFile": "cypress\\tests\\v2\\ui\\djinnyVacancies.ts",
      "file": "cypress\\tests\\v2\\ui\\djinnyVacancies.ts",
      "beforeHooks": [],
      "afterHooks": [],
      "tests": [],
      "suites": [
        {
          "uuid": "32dd6c1b-d581-41f5-9133-73a7be4991b9",
          "title": "Run jinny script",
          "fullFile": "",
          "file": "",
          "beforeHooks": [],
          "afterHooks": [],
          "tests": [
            {
              "title": "run run run",
              "fullTitle": "Run jinny script run run run",
              "timedOut": null,
              "duration": 0,
              "state": "skipped",
              "speed": null,
              "pass": false,
              "fail": false,
              "pending": false,
              "context": null,
              "code": "runBotCheckVacancy();",
              "err": {},
              "uuid": "1a466770-e9c3-4dd8-aff7-a36b18b6c18a",
              "parentUUID": "32dd6c1b-d581-41f5-9133-73a7be4991b9",
              "isHook": false,
              "skipped": true
            }
          ],
          "suites": [],
          "passes": [],
          "failures": [],
          "pending": [],
          "skipped": [
            "1a466770-e9c3-4dd8-aff7-a36b18b6c18a"
          ],
          "duration": 0,
          "root": false,
          "rootEmpty": false,
          "_timeout": 2000
        }
      ],
      "passes": [],
      "failures": [],
      "pending": [],
      "skipped": [],
      "duration": 0,
      "root": true,
      "rootEmpty": true,
      "_timeout": 2000
    }
  ],
  "meta": {
    "mocha": {
      "version": "7.0.1"
    },
    "mochawesome": {
      "options": {
        "quiet": false,
        "reportFilename": "mochawesome",
        "saveHtml": true,
        "saveJson": true,
        "consoleReporter": "spec",
        "useInlineDiffs": false,
        "code": true
      },
      "version": "7.1.3"
    },
    "marge": {
      "options": {
        "id": "default",
        "reportDir": "cypress/results",
        "overwrite": "false",
        "html": "true",
        "json": "true"
      },
      "version": "6.2.0"
    }
  }
}