{
  "stats": {
    "suites": 1,
    "tests": 1,
    "passes": 0,
    "pending": 0,
    "failures": 1,
    "start": "2023-11-14T09:18:35.197Z",
    "end": "2023-11-14T09:28:15.907Z",
    "duration": 580710,
    "testsRegistered": 1,
    "passPercent": 0,
    "pendingPercent": 0,
    "other": 0,
    "hasOther": false,
    "skipped": 0,
    "hasSkipped": false
  },
  "results": [
    {
      "uuid": "7a8d3fd5-4885-4390-b390-01a3437ad16b",
      "title": "",
      "fullFile": "cypress\\tests\\v2\\ui\\djinnyVacancies.ts",
      "file": "cypress\\tests\\v2\\ui\\djinnyVacancies.ts",
      "beforeHooks": [],
      "afterHooks": [],
      "tests": [],
      "suites": [
        {
          "uuid": "dd4e4e35-5f0a-4988-8409-37204d6d7a8b",
          "title": "Run jinny script",
          "fullFile": "",
          "file": "",
          "beforeHooks": [],
          "afterHooks": [],
          "tests": [
            {
              "title": "run run run",
              "fullTitle": "Run jinny script run run run",
              "timedOut": null,
              "duration": 576825,
              "state": "failed",
              "speed": null,
              "pass": false,
              "fail": true,
              "pending": false,
              "context": null,
              "code": "runBotCheckVacancy();",
              "err": {
                "message": "CypressError: Timed out after waiting `10000ms` for your remote page to load.\n\nYour page did not fire its `load` event within `10000ms`.\n\nYou can try increasing the `pageLoadTimeout` value in `AutoTests\\RealWorldCypressTest\\cypress.config.ts` to wait longer.\n\nBrowsers will not fire the `load` event until all stylesheets and scripts are done downloading.\n\nWhen this `load` event occurs, Cypress will continue running commands.",
                "estack": "CypressError: Timed out after waiting `10000ms` for your remote page to load.\n\nYour page did not fire its `load` event within `10000ms`.\n\nYou can try increasing the `pageLoadTimeout` value in `AutoTests\\RealWorldCypressTest\\cypress.config.ts` to wait longer.\n\nBrowsers will not fire the `load` event until all stylesheets and scripts are done downloading.\n\nWhen this `load` event occurs, Cypress will continue running commands.\n    at timedOutWaitingForPageLoad (https://djinni.co/__cypress/runner/cypress_runner.js:130247:64)\n    at <unknown> (https://djinni.co/__cypress/runner/cypress_runner.js:131221:16)\n    at tryCatcher (https://djinni.co/__cypress/runner/cypress_runner.js:1807:23)\n    at <unknown> (https://djinni.co/__cypress/runner/cypress_runner.js:4186:41)\n    at tryCatcher (https://djinni.co/__cypress/runner/cypress_runner.js:1807:23)\n    at Promise._settlePromiseFromHandler (https://djinni.co/__cypress/runner/cypress_runner.js:1519:31)\n    at Promise._settlePromise (https://djinni.co/__cypress/runner/cypress_runner.js:1576:18)\n    at Promise._settlePromise0 (https://djinni.co/__cypress/runner/cypress_runner.js:1621:10)\n    at Promise._settlePromises (https://djinni.co/__cypress/runner/cypress_runner.js:1697:18)\n    at _drainQueueStep (https://djinni.co/__cypress/runner/cypress_runner.js:2407:12)\n    at _drainQueue (https://djinni.co/__cypress/runner/cypress_runner.js:2400:9)\n    at Async._drainQueues (https://djinni.co/__cypress/runner/cypress_runner.js:2416:5)\n    at Async.drainQueues (https://djinni.co/__cypress/runner/cypress_runner.js:2286:14)\nFrom Your Spec Code:\n    at checkNewVacancy (webpack://cypress-realworld-app/./cypress/tests/v2/ui/djinnyVacancies.ts:20:11)\n    at Context.eval (webpack://cypress-realworld-app/./cypress/tests/v2/ui/djinnyVacancies.ts:36:28)",
                "diff": null
              },
              "uuid": "ede1831e-981b-48b0-a8af-af3359f0ea56",
              "parentUUID": "dd4e4e35-5f0a-4988-8409-37204d6d7a8b",
              "isHook": false,
              "skipped": false
            }
          ],
          "suites": [],
          "passes": [],
          "failures": [
            "ede1831e-981b-48b0-a8af-af3359f0ea56"
          ],
          "pending": [],
          "skipped": [],
          "duration": 576825,
          "root": false,
          "rootEmpty": false,
          "_timeout": 2000
        }
      ],
      "passes": [],
      "failures": [],
      "pending": [],
      "skipped": [],
      "duration": 0,
      "root": true,
      "rootEmpty": true,
      "_timeout": 2000
    }
  ],
  "meta": {
    "mocha": {
      "version": "7.0.1"
    },
    "mochawesome": {
      "options": {
        "quiet": false,
        "reportFilename": "mochawesome",
        "saveHtml": true,
        "saveJson": true,
        "consoleReporter": "spec",
        "useInlineDiffs": false,
        "code": true
      },
      "version": "7.1.3"
    },
    "marge": {
      "options": {
        "id": "default",
        "reportDir": "cypress/results",
        "overwrite": "false",
        "html": "true",
        "json": "true"
      },
      "version": "6.2.0"
    }
  }
}