{
  "stats": {
    "suites": 1,
    "tests": 1,
    "passes": 1,
    "pending": 0,
    "failures": 0,
    "start": "2023-11-15T09:44:44.778Z",
    "end": "2023-11-15T10:00:52.195Z",
    "duration": 967417,
    "testsRegistered": 1,
    "passPercent": 100,
    "pendingPercent": 0,
    "other": 0,
    "hasOther": false,
    "skipped": 0,
    "hasSkipped": false
  },
  "results": [
    {
      "uuid": "6964c1b6-f30e-425e-a0a2-5486eb109a62",
      "title": "",
      "fullFile": "cypress\\tests\\v2\\ui\\djinnyVacancies.ts",
      "file": "cypress\\tests\\v2\\ui\\djinnyVacancies.ts",
      "beforeHooks": [],
      "afterHooks": [],
      "tests": [],
      "suites": [
        {
          "uuid": "50f70a0f-d2c7-41aa-829a-cfc6271a5005",
          "title": "Run jinny script",
          "fullFile": "",
          "file": "",
          "beforeHooks": [],
          "afterHooks": [],
          "tests": [
            {
              "title": "run run run",
              "fullTitle": "Run jinny script run run run",
              "timedOut": null,
              "duration": 962620,
              "state": "passed",
              "speed": "slow",
              "pass": true,
              "fail": false,
              "pending": false,
              "context": null,
              "code": "runBotCheckVacancy();",
              "err": {},
              "uuid": "3b2e1ee5-98cd-4c43-b0b2-5e3d85bc047e",
              "parentUUID": "50f70a0f-d2c7-41aa-829a-cfc6271a5005",
              "isHook": false,
              "skipped": false
            }
          ],
          "suites": [],
          "passes": [
            "3b2e1ee5-98cd-4c43-b0b2-5e3d85bc047e"
          ],
          "failures": [],
          "pending": [],
          "skipped": [],
          "duration": 962620,
          "root": false,
          "rootEmpty": false,
          "_timeout": 2000
        }
      ],
      "passes": [],
      "failures": [],
      "pending": [],
      "skipped": [],
      "duration": 0,
      "root": true,
      "rootEmpty": true,
      "_timeout": 2000
    }
  ],
  "meta": {
    "mocha": {
      "version": "7.0.1"
    },
    "mochawesome": {
      "options": {
        "quiet": false,
        "reportFilename": "mochawesome",
        "saveHtml": true,
        "saveJson": true,
        "consoleReporter": "spec",
        "useInlineDiffs": false,
        "code": true
      },
      "version": "7.1.3"
    },
    "marge": {
      "options": {
        "id": "default",
        "reportDir": "cypress/results",
        "overwrite": "false",
        "html": "true",
        "json": "true"
      },
      "version": "6.2.0"
    }
  }
}