<?xml version="1.0" encoding="UTF-8"?>
<testsuites name="Mocha Tests" time="1290.311" tests="1" failures="0">
  <testsuite name="Root Suite" timestamp="2023-11-14T14:17:08" tests="0" file="cypress\tests\v2\ui\djinnyVacancies.ts" time="0.000" failures="0">
  </testsuite>
  <testsuite name="Run jinny script" timestamp="2023-11-14T14:17:08" tests="1" time="1290.299" failures="0">
    <testcase name="Run jinny script run run run" time="1286.514" classname="run run run">
    </testcase>
  </testsuite>
</testsuites>