<?xml version="1.0" encoding="UTF-8"?>
<testsuites name="Mocha Tests" time="602.443" tests="1" failures="0">
  <testsuite name="Root Suite" timestamp="2023-11-16T10:16:13" tests="0" file="cypress\tests\v2\ui\djinnyVacancies.ts" time="0.000" failures="0">
  </testsuite>
  <testsuite name="Run jinny script" timestamp="2023-11-16T10:16:13" tests="1" time="602.432" failures="0">
    <testcase name="Run jinny script run run run" time="597.518" classname="run run run">
    </testcase>
  </testsuite>
</testsuites>